c:\users\trizelous\appdata\roaming\rackafx\rackafxprojects\resonantlpf\vc141.pdb
c:\users\trizelous\appdata\roaming\rackafx\rackafxprojects\resonantlpf\vc141.idb
c:\users\trizelous\appdata\roaming\rackafx\rackafxprojects\resonantlpf\plugin.obj
c:\users\trizelous\appdata\roaming\rackafx\rackafxprojects\resonantlpf\pluginobjects.obj
c:\users\trizelous\appdata\roaming\rackafx\rackafxprojects\resonantlpf\rackafxdll.obj
c:\users\trizelous\appdata\roaming\rackafx\rackafxprojects\resonantlpf\resonantlpf.obj
c:\users\trizelous\appdata\roaming\rackafx\rackafxprojects\resonantlpf\resonantlpf.pdb
c:\users\trizelous\appdata\roaming\rackafx\rackafxprojects\resonantlpf\resonantlpf.res
c:\users\trizelous\appdata\roaming\rackafx\plugins\resonantlpf.lib
c:\users\trizelous\appdata\roaming\rackafx\plugins\resonantlpf.exp
c:\users\trizelous\appdata\roaming\rackafx\plugins\resonantlpf.pdb
c:\users\trizelous\appdata\roaming\rackafx\plugins\resonantlpf.dll
c:\users\trizelous\appdata\roaming\rackafx\plugins\resonantlpf.ilk
c:\users\trizelous\appdata\roaming\rackafx\rackafxprojects\resonantlpf\resonantlpf.tlog\cl.command.1.tlog
c:\users\trizelous\appdata\roaming\rackafx\rackafxprojects\resonantlpf\resonantlpf.tlog\cl.read.1.tlog
c:\users\trizelous\appdata\roaming\rackafx\rackafxprojects\resonantlpf\resonantlpf.tlog\cl.write.1.tlog
c:\users\trizelous\appdata\roaming\rackafx\rackafxprojects\resonantlpf\resonantlpf.tlog\link.command.1.tlog
c:\users\trizelous\appdata\roaming\rackafx\rackafxprojects\resonantlpf\resonantlpf.tlog\link.read.1.tlog
c:\users\trizelous\appdata\roaming\rackafx\rackafxprojects\resonantlpf\resonantlpf.tlog\link.write.1.tlog
c:\users\trizelous\appdata\roaming\rackafx\rackafxprojects\resonantlpf\resonantlpf.tlog\rc.command.1.tlog
c:\users\trizelous\appdata\roaming\rackafx\rackafxprojects\resonantlpf\resonantlpf.tlog\rc.read.1.tlog
c:\users\trizelous\appdata\roaming\rackafx\rackafxprojects\resonantlpf\resonantlpf.tlog\rc.write.1.tlog
c:\users\trizelous\appdata\roaming\rackafx\rackafxprojects\resonantlpf\resonantlpf.tlog\resonantlpf.write.1u.tlog
