c:\users\trizelous\appdata\roaming\rackafx\rackafxprojects\resonantlpfwmassberg\vc141.pdb
c:\users\trizelous\appdata\roaming\rackafx\rackafxprojects\resonantlpfwmassberg\vc141.idb
c:\users\trizelous\appdata\roaming\rackafx\rackafxprojects\resonantlpfwmassberg\plugin.obj
c:\users\trizelous\appdata\roaming\rackafx\rackafxprojects\resonantlpfwmassberg\pluginobjects.obj
c:\users\trizelous\appdata\roaming\rackafx\rackafxprojects\resonantlpfwmassberg\rackafxdll.obj
c:\users\trizelous\appdata\roaming\rackafx\rackafxprojects\resonantlpfwmassberg\resonantlpfwmassberg.obj
c:\users\trizelous\appdata\roaming\rackafx\rackafxprojects\resonantlpfwmassberg\resonantlpfwmassberg.pdb
c:\users\trizelous\appdata\roaming\rackafx\rackafxprojects\resonantlpfwmassberg\resonantlpfwmassberg.res
c:\users\trizelous\appdata\roaming\rackafx\plugins\resonantlpfwmassberg.lib
c:\users\trizelous\appdata\roaming\rackafx\plugins\resonantlpfwmassberg.exp
c:\users\trizelous\appdata\roaming\rackafx\plugins\resonantlpfwmassberg.pdb
c:\users\trizelous\appdata\roaming\rackafx\plugins\resonantlpfwmassberg.dll
c:\users\trizelous\appdata\roaming\rackafx\plugins\resonantlpfwmassberg.ilk
c:\users\trizelous\appdata\roaming\rackafx\rackafxprojects\resonantlpfwmassberg\resonant.ed3e6a75.tlog\cl.command.1.tlog
c:\users\trizelous\appdata\roaming\rackafx\rackafxprojects\resonantlpfwmassberg\resonant.ed3e6a75.tlog\cl.read.1.tlog
c:\users\trizelous\appdata\roaming\rackafx\rackafxprojects\resonantlpfwmassberg\resonant.ed3e6a75.tlog\cl.write.1.tlog
c:\users\trizelous\appdata\roaming\rackafx\rackafxprojects\resonantlpfwmassberg\resonant.ed3e6a75.tlog\link.command.1.tlog
c:\users\trizelous\appdata\roaming\rackafx\rackafxprojects\resonantlpfwmassberg\resonant.ed3e6a75.tlog\link.read.1.tlog
c:\users\trizelous\appdata\roaming\rackafx\rackafxprojects\resonantlpfwmassberg\resonant.ed3e6a75.tlog\link.write.1.tlog
c:\users\trizelous\appdata\roaming\rackafx\rackafxprojects\resonantlpfwmassberg\resonant.ed3e6a75.tlog\rc.command.1.tlog
c:\users\trizelous\appdata\roaming\rackafx\rackafxprojects\resonantlpfwmassberg\resonant.ed3e6a75.tlog\rc.read.1.tlog
c:\users\trizelous\appdata\roaming\rackafx\rackafxprojects\resonantlpfwmassberg\resonant.ed3e6a75.tlog\rc.write.1.tlog
c:\users\trizelous\appdata\roaming\rackafx\rackafxprojects\resonantlpfwmassberg\resonant.ed3e6a75.tlog\resonantlpfwmassberg.write.1u.tlog
