c:\users\trizelous\appdata\roaming\rackafx\rackafxprojects\volume\vc141.pdb
c:\users\trizelous\appdata\roaming\rackafx\rackafxprojects\volume\vc141.idb
c:\users\trizelous\appdata\roaming\rackafx\rackafxprojects\volume\plugin.obj
c:\users\trizelous\appdata\roaming\rackafx\rackafxprojects\volume\pluginobjects.obj
c:\users\trizelous\appdata\roaming\rackafx\rackafxprojects\volume\rackafxdll.obj
c:\users\trizelous\appdata\roaming\rackafx\rackafxprojects\volume\volume.obj
c:\users\trizelous\appdata\roaming\rackafx\rackafxprojects\volume\volume.pdb
c:\users\trizelous\appdata\roaming\rackafx\rackafxprojects\volume\volume.res
c:\users\trizelous\appdata\roaming\rackafx\plugins\volume.lib
c:\users\trizelous\appdata\roaming\rackafx\plugins\volume.exp
c:\users\trizelous\appdata\roaming\rackafx\plugins\volume.pdb
c:\users\trizelous\appdata\roaming\rackafx\plugins\volume.dll
c:\users\trizelous\appdata\roaming\rackafx\plugins\volume.ilk
c:\users\trizelous\appdata\roaming\rackafx\rackafxprojects\volume\volume.tlog\cl.command.1.tlog
c:\users\trizelous\appdata\roaming\rackafx\rackafxprojects\volume\volume.tlog\cl.read.1.tlog
c:\users\trizelous\appdata\roaming\rackafx\rackafxprojects\volume\volume.tlog\cl.write.1.tlog
c:\users\trizelous\appdata\roaming\rackafx\rackafxprojects\volume\volume.tlog\link.command.1.tlog
c:\users\trizelous\appdata\roaming\rackafx\rackafxprojects\volume\volume.tlog\link.read.1.tlog
c:\users\trizelous\appdata\roaming\rackafx\rackafxprojects\volume\volume.tlog\link.write.1.tlog
c:\users\trizelous\appdata\roaming\rackafx\rackafxprojects\volume\volume.tlog\rc.command.1.tlog
c:\users\trizelous\appdata\roaming\rackafx\rackafxprojects\volume\volume.tlog\rc.read.1.tlog
c:\users\trizelous\appdata\roaming\rackafx\rackafxprojects\volume\volume.tlog\rc.write.1.tlog
c:\users\trizelous\appdata\roaming\rackafx\rackafxprojects\volume\volume.tlog\volume.write.1u.tlog
