c:\users\trizelous\appdata\roaming\rackafx\rackafxprojects\volumedb\vc141.pdb
c:\users\trizelous\appdata\roaming\rackafx\rackafxprojects\volumedb\vc141.idb
c:\users\trizelous\appdata\roaming\rackafx\rackafxprojects\volumedb\plugin.obj
c:\users\trizelous\appdata\roaming\rackafx\rackafxprojects\volumedb\pluginobjects.obj
c:\users\trizelous\appdata\roaming\rackafx\rackafxprojects\volumedb\rackafxdll.obj
c:\users\trizelous\appdata\roaming\rackafx\rackafxprojects\volumedb\volumedb.obj
c:\users\trizelous\appdata\roaming\rackafx\rackafxprojects\volumedb\volumedb.pdb
c:\users\trizelous\appdata\roaming\rackafx\rackafxprojects\volumedb\volumedb.res
c:\users\trizelous\appdata\roaming\rackafx\plugins\volumedb.lib
c:\users\trizelous\appdata\roaming\rackafx\plugins\volumedb.exp
c:\users\trizelous\appdata\roaming\rackafx\plugins\volumedb.pdb
c:\users\trizelous\appdata\roaming\rackafx\plugins\volumedb.dll
c:\users\trizelous\appdata\roaming\rackafx\plugins\volumedb.ilk
c:\users\trizelous\appdata\roaming\rackafx\rackafxprojects\volumedb\volumedb.tlog\cl.command.1.tlog
c:\users\trizelous\appdata\roaming\rackafx\rackafxprojects\volumedb\volumedb.tlog\cl.read.1.tlog
c:\users\trizelous\appdata\roaming\rackafx\rackafxprojects\volumedb\volumedb.tlog\cl.write.1.tlog
c:\users\trizelous\appdata\roaming\rackafx\rackafxprojects\volumedb\volumedb.tlog\link.command.1.tlog
c:\users\trizelous\appdata\roaming\rackafx\rackafxprojects\volumedb\volumedb.tlog\link.read.1.tlog
c:\users\trizelous\appdata\roaming\rackafx\rackafxprojects\volumedb\volumedb.tlog\link.write.1.tlog
c:\users\trizelous\appdata\roaming\rackafx\rackafxprojects\volumedb\volumedb.tlog\rc.command.1.tlog
c:\users\trizelous\appdata\roaming\rackafx\rackafxprojects\volumedb\volumedb.tlog\rc.read.1.tlog
c:\users\trizelous\appdata\roaming\rackafx\rackafxprojects\volumedb\volumedb.tlog\rc.write.1.tlog
c:\users\trizelous\appdata\roaming\rackafx\rackafxprojects\volumedb\volumedb.tlog\volumedb.write.1u.tlog
